<?xml version="1.0" encoding="UTF-8"?>
<testng-results skipped="0" failed="0" ignored="0" total="1" passed="1">
  <reporter-output>
  </reporter-output>
  <suite name="Default suite" duration-ms="20525" started-at="2020-07-16T00:10:45 IST" finished-at="2020-07-16T00:11:05 IST">
    <groups>
    </groups>
    <test name="Default test" duration-ms="20525" started-at="2020-07-16T00:10:45 IST" finished-at="2020-07-16T00:11:05 IST">
      <class name="com.training.regression.tests.MultipleUserCreationDBTest">
        <test-method status="PASS" signature="setUpBeforeClass()[pri:0, instance:com.training.regression.tests.MultipleUserCreationDBTest@4e7dc304]" name="setUpBeforeClass" is-config="true" duration-ms="11" started-at="2020-07-16T00:10:45 IST" finished-at="2020-07-16T00:10:45 IST">
          <reporter-output>
          </reporter-output>
        </test-method> <!-- setUpBeforeClass -->
        <test-method status="PASS" signature="setUp()[pri:0, instance:com.training.regression.tests.MultipleUserCreationDBTest@4e7dc304]" name="setUp" is-config="true" duration-ms="15685" started-at="2020-07-16T00:10:45 IST" finished-at="2020-07-16T00:11:01 IST">
          <reporter-output>
          </reporter-output>
        </test-method> <!-- setUp -->
        <test-method status="PASS" signature="UserAdditiontoCourseTest()[pri:0, instance:com.training.regression.tests.MultipleUserCreationDBTest@4e7dc304]" name="UserAdditiontoCourseTest" duration-ms="4064" started-at="2020-07-16T00:11:01 IST" finished-at="2020-07-16T00:11:05 IST">
          <reporter-output>
          </reporter-output>
        </test-method> <!-- UserAdditiontoCourseTest -->
        <test-method status="PASS" signature="tearDown()[pri:0, instance:com.training.regression.tests.MultipleUserCreationDBTest@4e7dc304]" name="tearDown" is-config="true" duration-ms="719" started-at="2020-07-16T00:11:05 IST" finished-at="2020-07-16T00:11:05 IST">
          <reporter-output>
          </reporter-output>
        </test-method> <!-- tearDown -->
      </class> <!-- com.training.regression.tests.MultipleUserCreationDBTest -->
    </test> <!-- Default test -->
  </suite> <!-- Default suite -->
</testng-results>
