<?xml version="1.0" encoding="UTF-8"?>
<!-- Generated by org.testng.reporters.JUnitXMLReporter -->
<testsuite hostname="DESKTOP-R88R93T" ignored="0" name="Default test" tests="4" failures="0" timestamp="2020-06-29T11:25:58 IST" time="33.354" errors="0">
  <testcase name="validLoginTest" time="3.849" classname="com.training.sanity.tests.LoginTests"/>
  <testcase name="CourseCatalogTest" time="8.302" classname="com.training.sanity.tests.LoginTests"/>
  <testcase name="MyCourseTest" time="5.576" classname="com.training.sanity.tests.LoginTests"/>
  <testcase name="ClickLogoutTest" time="3.916" classname="com.training.sanity.tests.LoginTests"/>
</testsuite> <!-- Default test -->
